[debug] [2023-03-07T10:56:54.411Z] ----------------------------------------------------------------------
[debug] [2023-03-07T10:56:54.413Z] Command:       C:\Program Files\nodejs\node.exe C:\Users\MSI\AppData\Roaming\npm\node_modules\firebase-tools\lib\bin\firebase.js init
[debug] [2023-03-07T10:56:54.413Z] CLI Version:   11.1.0
[debug] [2023-03-07T10:56:54.414Z] Platform:      win32
[debug] [2023-03-07T10:56:54.414Z] Node Version:  v16.13.1
[debug] [2023-03-07T10:56:54.416Z] Time:          Tue Mar 07 2023 16:56:54 GMT+0600 (Bangladesh Standard Time)
[debug] [2023-03-07T10:56:54.416Z] ----------------------------------------------------------------------
[debug] 
[debug] [2023-03-07T10:56:54.419Z] >>> [apiv2][query] GET https://firebase-public.firebaseio.com/cli.json [none]
[debug] [2023-03-07T10:56:54.486Z] > command requires scopes: ["email","openid","https://www.googleapis.com/auth/cloudplatformprojects.readonly","https://www.googleapis.com/auth/firebase","https://www.googleapis.com/auth/cloud-platform"]
[debug] [2023-03-07T10:56:54.486Z] > authorizing via signed-in user (m.alinkon10@gmail.com)
[info] 
     ######## #### ########  ######## ########     ###     ######  ########
     ##        ##  ##     ## ##       ##     ##  ##   ##  ##       ##
     ######    ##  ########  ######   ########  #########  ######  ######
     ##        ##  ##    ##  ##       ##     ## ##     ##       ## ##
     ##       #### ##     ## ######## ########  ##     ##  ######  ########

You're about to initialize a Firebase project in this directory:

  D:\Personal Project\Apple-Doctor-Client

Before we get started, keep in mind:

  * You are initializing within an existing Firebase project directory

[debug] [2023-03-07T10:56:55.133Z] <<< [apiv2][status] GET https://firebase-public.firebaseio.com/cli.json 200
[debug] [2023-03-07T10:56:55.133Z] <<< [apiv2][body] GET https://firebase-public.firebaseio.com/cli.json {"cloudBuildErrorAfter":1594252800000,"cloudBuildWarnAfter":1590019200000,"defaultNode10After":1594252800000,"minVersion":"3.0.5","node8DeploysDisabledAfter":1613390400000,"node8RuntimeDisabledAfter":1615809600000,"node8WarnAfter":1600128000000}
[info] 
=== Project Setup
[info] 
[info] First, let's associate this project directory with a Firebase project.
[info] You can create multiple project aliases by running firebase use --add, 
[info] but for now we'll just set up a default project.
[info] 
[debug] [2023-03-07T10:57:06.265Z] Using project from CLI flag: apple-doctor-47e66
[debug] [2023-03-07T10:57:06.265Z] > refreshing access token with scopes: []
[debug] [2023-03-07T10:57:06.266Z] >>> [apiv2][query] POST https://www.googleapis.com/oauth2/v3/token [none]
[debug] [2023-03-07T10:57:06.266Z] >>> [apiv2][body] POST https://www.googleapis.com/oauth2/v3/token [omitted]
[debug] [2023-03-07T10:57:06.556Z] <<< [apiv2][status] POST https://www.googleapis.com/oauth2/v3/token 200
[debug] [2023-03-07T10:57:06.556Z] <<< [apiv2][body] POST https://www.googleapis.com/oauth2/v3/token [omitted]
[debug] [2023-03-07T10:57:06.571Z] >>> [apiv2][query] GET https://firebase.googleapis.com/v1beta1/projects/apple-doctor-47e66 [none]
[debug] [2023-03-07T10:57:07.096Z] <<< [apiv2][status] GET https://firebase.googleapis.com/v1beta1/projects/apple-doctor-47e66 403
[debug] [2023-03-07T10:57:07.096Z] <<< [apiv2][body] GET https://firebase.googleapis.com/v1beta1/projects/apple-doctor-47e66 {"error":{"code":403,"message":"The caller does not have permission","status":"PERMISSION_DENIED"}}
[debug] [2023-03-07T10:57:07.099Z] HTTP Error: 403, The caller does not have permission
[debug] [2023-03-07T10:57:07.309Z] FirebaseError: HTTP Error: 403, The caller does not have permission
    at responseToError (C:\Users\MSI\AppData\Roaming\npm\node_modules\firebase-tools\lib\responseToError.js:49:12)
    at RetryOperation._fn (C:\Users\MSI\AppData\Roaming\npm\node_modules\firebase-tools\lib\apiv2.js:287:77)
    at processTicksAndRejections (node:internal/process/task_queues:96:5)
[error] 
[error] Error: Failed to get Firebase project apple-doctor-47e66. Please make sure the project exists and your account has permission to access it.
